This is pdfTeX, Version 3.14159265-2.6-1.40.21 (MiKTeX 20.10) (preloaded format=pdflatex 2020.10.27)  4 MAR 2021 04:20
entering extended mode
**./2.1.3.tex
(2.1.3.tex
LaTeX2e <2020-10-01> patch level 1
L3 programming layer <2020-10-05> xparse <2020-03-03>
("C:\Program Files\MiKTeX\tex/latex/base\article.cls"
Document Class: article 2020/04/10 v1.4m Standard LaTeX document class
("C:\Program Files\MiKTeX\tex/latex/base\size12.clo"
File: size12.clo 2020/04/10 v1.4m Standard LaTeX file (size option)
)
\c@part=\count175
\c@section=\count176
\c@subsection=\count177
\c@subsubsection=\count178
\c@paragraph=\count179
\c@subparagraph=\count180
\c@figure=\count181
\c@table=\count182
\abovecaptionskip=\skip47
\belowcaptionskip=\skip48
\bibindent=\dimen138
)
("C:\Program Files\MiKTeX\tex/latex/base\inputenc.sty"
Package: inputenc 2020/08/01 v1.3d Input encoding file
\inpenc@prehook=\toks15
\inpenc@posthook=\toks16
)
("C:\Program Files\MiKTeX\tex/generic/babel\babel.sty"
Package: babel 2020/10/06 3.50 The Babel package

("C:\Program Files\MiKTeX\tex/generic/babel\babel.def"
File: babel.def 2020/10/06 3.50 Babel common definitions
\babel@savecnt=\count183
\U@D=\dimen139
\l@babelnohyphens=\language79

("C:\Program Files\MiKTeX\tex/generic/babel\txtbabel.def")
\bbl@readstream=\read2
)
\bbl@dirlevel=\count184

*************************************
* Local config file bblopts.cfg used
*
("C:\Program Files\MiKTeX\tex/latex/arabi\bblopts.cfg"
File: bblopts.cfg 2005/09/08 v0.1 add Arabic and Farsi to "declared" options of
 babel
)
("C:\Program Files\MiKTeX\tex/latex/babel-english\english.ldf"
Language: english 2017/06/06 v3.3r English support from the babel system
Package babel Info: \l@canadian = using hyphenrules for english
(babel)             (\language0) on input line 102.
Package babel Info: \l@australian = using hyphenrules for ukenglish
(babel)             (\language73) on input line 105.
Package babel Info: \l@newzealand = using hyphenrules for ukenglish
(babel)             (\language73) on input line 108.
)
(C:\Users\bulat\AppData\Roaming\MiKTeX\tex/latex/babel-russian\russianb.ldf
File: russianb.ldf 2020/09/09 1.3k Russian support for the Babel system
Language: russian 2020/09/09 1.3k Russian support for the Babel system


Package babel Warning: No Cyrillic font encoding has been loaded so far.
(babel)                A font encoding should be declared before babel.
(babel)                Default `T2A' encoding will be loaded  on input line 74.


(C:\Users\bulat\AppData\Roaming\MiKTeX\tex/latex/cyrillic\t2aenc.def
File: t2aenc.def 2005/09/27 v1.0i Cyrillic encoding definition file
Now handling font encoding T2A ...
... processing UTF-8 mapping file for font encoding T2A

("C:\Program Files\MiKTeX\tex/latex/base\t2aenc.dfu"
File: t2aenc.dfu 2019/11/14 v1.2k UTF-8 support for inputenc
   defining Unicode char U+00A4 (decimal 164)
   defining Unicode char U+00A7 (decimal 167)
   defining Unicode char U+00AB (decimal 171)
   defining Unicode char U+00BB (decimal 187)
   defining Unicode char U+0131 (decimal 305)
   defining Unicode char U+0237 (decimal 567)
   defining Unicode char U+0400 (decimal 1024)
   defining Unicode char U+0401 (decimal 1025)
   defining Unicode char U+0402 (decimal 1026)
   defining Unicode char U+0403 (decimal 1027)
   defining Unicode char U+0404 (decimal 1028)
   defining Unicode char U+0405 (decimal 1029)
   defining Unicode char U+0406 (decimal 1030)
   defining Unicode char U+0407 (decimal 1031)
   defining Unicode char U+0408 (decimal 1032)
   defining Unicode char U+0409 (decimal 1033)
   defining Unicode char U+040A (decimal 1034)
   defining Unicode char U+040B (decimal 1035)
   defining Unicode char U+040C (decimal 1036)
   defining Unicode char U+040D (decimal 1037)
   defining Unicode char U+040E (decimal 1038)
   defining Unicode char U+040F (decimal 1039)
   defining Unicode char U+0410 (decimal 1040)
   defining Unicode char U+0411 (decimal 1041)
   defining Unicode char U+0412 (decimal 1042)
   defining Unicode char U+0413 (decimal 1043)
   defining Unicode char U+0414 (decimal 1044)
   defining Unicode char U+0415 (decimal 1045)
   defining Unicode char U+0416 (decimal 1046)
   defining Unicode char U+0417 (decimal 1047)
   defining Unicode char U+0418 (decimal 1048)
   defining Unicode char U+0419 (decimal 1049)
   defining Unicode char U+041A (decimal 1050)
   defining Unicode char U+041B (decimal 1051)
   defining Unicode char U+041C (decimal 1052)
   defining Unicode char U+041D (decimal 1053)
   defining Unicode char U+041E (decimal 1054)
   defining Unicode char U+041F (decimal 1055)
   defining Unicode char U+0420 (decimal 1056)
   defining Unicode char U+0421 (decimal 1057)
   defining Unicode char U+0422 (decimal 1058)
   defining Unicode char U+0423 (decimal 1059)
   defining Unicode char U+0424 (decimal 1060)
   defining Unicode char U+0425 (decimal 1061)
   defining Unicode char U+0426 (decimal 1062)
   defining Unicode char U+0427 (decimal 1063)
   defining Unicode char U+0428 (decimal 1064)
   defining Unicode char U+0429 (decimal 1065)
   defining Unicode char U+042A (decimal 1066)
   defining Unicode char U+042B (decimal 1067)
   defining Unicode char U+042C (decimal 1068)
   defining Unicode char U+042D (decimal 1069)
   defining Unicode char U+042E (decimal 1070)
   defining Unicode char U+042F (decimal 1071)
   defining Unicode char U+0430 (decimal 1072)
   defining Unicode char U+0431 (decimal 1073)
   defining Unicode char U+0432 (decimal 1074)
   defining Unicode char U+0433 (decimal 1075)
   defining Unicode char U+0434 (decimal 1076)
   defining Unicode char U+0435 (decimal 1077)
   defining Unicode char U+0436 (decimal 1078)
   defining Unicode char U+0437 (decimal 1079)
   defining Unicode char U+0438 (decimal 1080)
   defining Unicode char U+0439 (decimal 1081)
   defining Unicode char U+043A (decimal 1082)
   defining Unicode char U+043B (decimal 1083)
   defining Unicode char U+043C (decimal 1084)
   defining Unicode char U+043D (decimal 1085)
   defining Unicode char U+043E (decimal 1086)
   defining Unicode char U+043F (decimal 1087)
   defining Unicode char U+0440 (decimal 1088)
   defining Unicode char U+0441 (decimal 1089)
   defining Unicode char U+0442 (decimal 1090)
   defining Unicode char U+0443 (decimal 1091)
   defining Unicode char U+0444 (decimal 1092)
   defining Unicode char U+0445 (decimal 1093)
   defining Unicode char U+0446 (decimal 1094)
   defining Unicode char U+0447 (decimal 1095)
   defining Unicode char U+0448 (decimal 1096)
   defining Unicode char U+0449 (decimal 1097)
   defining Unicode char U+044A (decimal 1098)
   defining Unicode char U+044B (decimal 1099)
   defining Unicode char U+044C (decimal 1100)
   defining Unicode char U+044D (decimal 1101)
   defining Unicode char U+044E (decimal 1102)
   defining Unicode char U+044F (decimal 1103)
   defining Unicode char U+0450 (decimal 1104)
   defining Unicode char U+0451 (decimal 1105)
   defining Unicode char U+0452 (decimal 1106)
   defining Unicode char U+0453 (decimal 1107)
   defining Unicode char U+0454 (decimal 1108)
   defining Unicode char U+0455 (decimal 1109)
   defining Unicode char U+0456 (decimal 1110)
   defining Unicode char U+0457 (decimal 1111)
   defining Unicode char U+0458 (decimal 1112)
   defining Unicode char U+0459 (decimal 1113)
   defining Unicode char U+045A (decimal 1114)
   defining Unicode char U+045B (decimal 1115)
   defining Unicode char U+045C (decimal 1116)
   defining Unicode char U+045D (decimal 1117)
   defining Unicode char U+045E (decimal 1118)
   defining Unicode char U+045F (decimal 1119)
   defining Unicode char U+0490 (decimal 1168)
   defining Unicode char U+0491 (decimal 1169)
   defining Unicode char U+0492 (decimal 1170)
   defining Unicode char U+0493 (decimal 1171)
   defining Unicode char U+0496 (decimal 1174)
   defining Unicode char U+0497 (decimal 1175)
   defining Unicode char U+0498 (decimal 1176)
   defining Unicode char U+0499 (decimal 1177)
   defining Unicode char U+049A (decimal 1178)
   defining Unicode char U+049B (decimal 1179)
   defining Unicode char U+049C (decimal 1180)
   defining Unicode char U+049D (decimal 1181)
   defining Unicode char U+04A0 (decimal 1184)
   defining Unicode char U+04A1 (decimal 1185)
   defining Unicode char U+04A2 (decimal 1186)
   defining Unicode char U+04A3 (decimal 1187)
   defining Unicode char U+04A4 (decimal 1188)
   defining Unicode char U+04A5 (decimal 1189)
   defining Unicode char U+04AA (decimal 1194)
   defining Unicode char U+04AB (decimal 1195)
   defining Unicode char U+04AE (decimal 1198)
   defining Unicode char U+04AF (decimal 1199)
   defining Unicode char U+04B0 (decimal 1200)
   defining Unicode char U+04B1 (decimal 1201)
   defining Unicode char U+04B2 (decimal 1202)
   defining Unicode char U+04B3 (decimal 1203)
   defining Unicode char U+04B6 (decimal 1206)
   defining Unicode char U+04B7 (decimal 1207)
   defining Unicode char U+04B8 (decimal 1208)
   defining Unicode char U+04B9 (decimal 1209)
   defining Unicode char U+04BA (decimal 1210)
   defining Unicode char U+04BB (decimal 1211)
   defining Unicode char U+04C0 (decimal 1216)
   defining Unicode char U+04C1 (decimal 1217)
   defining Unicode char U+04C2 (decimal 1218)
   defining Unicode char U+04D0 (decimal 1232)
   defining Unicode char U+04D1 (decimal 1233)
   defining Unicode char U+04D2 (decimal 1234)
   defining Unicode char U+04D3 (decimal 1235)
   defining Unicode char U+04D4 (decimal 1236)
   defining Unicode char U+04D5 (decimal 1237)
   defining Unicode char U+04D6 (decimal 1238)
   defining Unicode char U+04D7 (decimal 1239)
   defining Unicode char U+04D8 (decimal 1240)
   defining Unicode char U+04D9 (decimal 1241)
   defining Unicode char U+04DA (decimal 1242)
   defining Unicode char U+04DB (decimal 1243)
   defining Unicode char U+04DC (decimal 1244)
   defining Unicode char U+04DD (decimal 1245)
   defining Unicode char U+04DE (decimal 1246)
   defining Unicode char U+04DF (decimal 1247)
   defining Unicode char U+04E2 (decimal 1250)
   defining Unicode char U+04E3 (decimal 1251)
   defining Unicode char U+04E4 (decimal 1252)
   defining Unicode char U+04E5 (decimal 1253)
   defining Unicode char U+04E6 (decimal 1254)
   defining Unicode char U+04E7 (decimal 1255)
   defining Unicode char U+04E8 (decimal 1256)
   defining Unicode char U+04E9 (decimal 1257)
   defining Unicode char U+04EC (decimal 1260)
   defining Unicode char U+04ED (decimal 1261)
   defining Unicode char U+04EE (decimal 1262)
   defining Unicode char U+04EF (decimal 1263)
   defining Unicode char U+04F0 (decimal 1264)
   defining Unicode char U+04F1 (decimal 1265)
   defining Unicode char U+04F2 (decimal 1266)
   defining Unicode char U+04F3 (decimal 1267)
   defining Unicode char U+04F4 (decimal 1268)
   defining Unicode char U+04F5 (decimal 1269)
   defining Unicode char U+04F8 (decimal 1272)
   defining Unicode char U+04F9 (decimal 1273)
   defining Unicode char U+200C (decimal 8204)
   defining Unicode char U+2013 (decimal 8211)
   defining Unicode char U+2014 (decimal 8212)
   defining Unicode char U+2018 (decimal 8216)
   defining Unicode char U+2019 (decimal 8217)
   defining Unicode char U+201C (decimal 8220)
   defining Unicode char U+201D (decimal 8221)
   defining Unicode char U+201E (decimal 8222)
   defining Unicode char U+2030 (decimal 8240)
   defining Unicode char U+2031 (decimal 8241)
   defining Unicode char U+2116 (decimal 8470)
   defining Unicode char U+2329 (decimal 9001)
   defining Unicode char U+232A (decimal 9002)
   defining Unicode char U+2423 (decimal 9251)
   defining Unicode char U+27E8 (decimal 10216)
   defining Unicode char U+27E9 (decimal 10217)
   defining Unicode char U+FB00 (decimal 64256)
   defining Unicode char U+FB01 (decimal 64257)
   defining Unicode char U+FB02 (decimal 64258)
   defining Unicode char U+FB03 (decimal 64259)
   defining Unicode char U+FB04 (decimal 64260)
   defining Unicode char U+FB05 (decimal 64261)
   defining Unicode char U+FB06 (decimal 64262)
))
Package babel Info: Making " an active character on input line 120.
Package babel Info: Default for \cyrdash is provided on input line 157.
))
("C:\Program Files\MiKTeX\tex/latex/tools\indentfirst.sty"
Package: indentfirst 1995/11/23 v1.03 Indent first paragraph (DPC)
)
(C:\Users\bulat\AppData\Roaming\MiKTeX\tex/latex/t2\misccorr.sty
Package: misccorr 1999/09/23 v0.1 misc corrections for russian typesetting

("C:\Program Files\MiKTeX\tex/latex/amsfonts\amssymb.sty"
Package: amssymb 2013/01/14 v3.01 AMS font symbols

("C:\Program Files\MiKTeX\tex/latex/amsfonts\amsfonts.sty"
Package: amsfonts 2013/01/14 v3.01 Basic AMSFonts support
\@emptytoks=\toks17
\symAMSa=\mathgroup4
\symAMSb=\mathgroup5
LaTeX Font Info:    Redeclaring math symbol \hbar on input line 98.
LaTeX Font Info:    Overwriting math alphabet `\mathfrak' in version `bold'
(Font)                  U/euf/m/n --> U/euf/b/n on input line 106.
))
("C:\Program Files\MiKTeX\tex/latex/tools\enumerate.sty"
Package: enumerate 2015/07/23 v3.00 enumerate extensions (DPC)
\@enLab=\toks18
)
\c@rlistctr=\count185
)
("C:\Program Files\MiKTeX\tex/latex/graphics\graphicx.sty"
Package: graphicx 2020/09/09 v1.2b Enhanced LaTeX Graphics (DPC,SPQR)

("C:\Program Files\MiKTeX\tex/latex/graphics\keyval.sty"
Package: keyval 2014/10/28 v1.15 key=value parser (DPC)
\KV@toks@=\toks19
)
("C:\Program Files\MiKTeX\tex/latex/graphics\graphics.sty"
Package: graphics 2020/08/30 v1.4c Standard LaTeX Graphics (DPC,SPQR)

("C:\Program Files\MiKTeX\tex/latex/graphics\trig.sty"
Package: trig 2016/01/03 v1.10 sin cos tan (DPC)
)
("C:\Program Files\MiKTeX\tex/latex/graphics-cfg\graphics.cfg"
File: graphics.cfg 2016/06/04 v1.11 sample graphics configuration
)
Package graphics Info: Driver file: pdftex.def on input line 105.

("C:\Program Files\MiKTeX\tex/latex/graphics-def\pdftex.def"
File: pdftex.def 2020/10/05 v1.2a Graphics/color driver for pdftex
))
\Gin@req@height=\dimen140
\Gin@req@width=\dimen141
)
("C:\Program Files\MiKTeX\tex/latex/amsmath\amsmath.sty"
Package: amsmath 2020/09/23 v2.17i AMS math features
\@mathmargin=\skip49

For additional information on amsmath, use the `?' option.
("C:\Program Files\MiKTeX\tex/latex/amsmath\amstext.sty"
Package: amstext 2000/06/29 v2.01 AMS text

("C:\Program Files\MiKTeX\tex/latex/amsmath\amsgen.sty"
File: amsgen.sty 1999/11/30 v2.0 generic functions
\@emptytoks=\toks20
\ex@=\dimen142
))
("C:\Program Files\MiKTeX\tex/latex/amsmath\amsbsy.sty"
Package: amsbsy 1999/11/29 v1.2d Bold Symbols
\pmbraise@=\dimen143
)
("C:\Program Files\MiKTeX\tex/latex/amsmath\amsopn.sty"
Package: amsopn 2016/03/08 v2.02 operator names
)
\inf@bad=\count186
LaTeX Info: Redefining \frac on input line 234.
\uproot@=\count187
\leftroot@=\count188
LaTeX Info: Redefining \overline on input line 399.
\classnum@=\count189
\DOTSCASE@=\count190
LaTeX Info: Redefining \ldots on input line 496.
LaTeX Info: Redefining \dots on input line 499.
LaTeX Info: Redefining \cdots on input line 620.
\Mathstrutbox@=\box47
\strutbox@=\box48
\big@size=\dimen144
LaTeX Font Info:    Redeclaring font encoding OML on input line 743.
LaTeX Font Info:    Redeclaring font encoding OMS on input line 744.
\macc@depth=\count191
\c@MaxMatrixCols=\count192
\dotsspace@=\muskip16
\c@parentequation=\count193
\dspbrk@lvl=\count194
\tag@help=\toks21
\row@=\count195
\column@=\count196
\maxfields@=\count197
\andhelp@=\toks22
\eqnshift@=\dimen145
\alignsep@=\dimen146
\tagshift@=\dimen147
\tagwidth@=\dimen148
\totwidth@=\dimen149
\lineht@=\dimen150
\@envbody=\toks23
\multlinegap=\skip50
\multlinetaggap=\skip51
\mathdisplay@stack=\toks24
LaTeX Info: Redefining \[ on input line 2923.
LaTeX Info: Redefining \] on input line 2924.
)
(C:\Users\bulat\AppData\Roaming\MiKTeX\tex/latex/wrapfig\wrapfig.sty
\wrapoverhang=\dimen151
\WF@size=\dimen152
\c@WF@wrappedlines=\count198
\WF@box=\box49
\WF@everypar=\toks25
Package: wrapfig 2003/01/31  v 3.6
)
("C:\Program Files\MiKTeX\tex/latex/l3backend\l3backend-pdftex.def"
File: l3backend-pdftex.def 2020-09-24 L3 backend support: PDF output (pdfTeX)
\l__kernel_color_stack_int=\count199
\l__pdf_internal_box=\box50
) (2.1.3.aux
LaTeX Font Info:    Trying to load font information for T2A+cmr on input line 5
.
(C:\Users\bulat\AppData\Roaming\MiKTeX\tex/latex/cyrillic\t2acmr.fd
File: t2acmr.fd 2001/08/11 v1.0a Computer Modern Cyrillic font definitions
)

LaTeX Warning: Label `fig:Experimental setup' multiply defined.


LaTeX Warning: Label `fig:Experimental setup' multiply defined.


LaTeX Warning: Label `fig:Experimental setup' multiply defined.

)
\openout1 = `2.1.3.aux'.

LaTeX Font Info:    Checking defaults for OML/cmm/m/it on input line 11.
LaTeX Font Info:    ... okay on input line 11.
LaTeX Font Info:    Checking defaults for OMS/cmsy/m/n on input line 11.
LaTeX Font Info:    ... okay on input line 11.
LaTeX Font Info:    Checking defaults for OT1/cmr/m/n on input line 11.
LaTeX Font Info:    ... okay on input line 11.
LaTeX Font Info:    Checking defaults for T1/cmr/m/n on input line 11.
LaTeX Font Info:    ... okay on input line 11.
LaTeX Font Info:    Checking defaults for TS1/cmr/m/n on input line 11.
LaTeX Font Info:    ... okay on input line 11.
LaTeX Font Info:    Checking defaults for OMX/cmex/m/n on input line 11.
LaTeX Font Info:    ... okay on input line 11.
LaTeX Font Info:    Checking defaults for U/cmr/m/n on input line 11.
LaTeX Font Info:    ... okay on input line 11.
LaTeX Font Info:    Checking defaults for T2A/cmr/m/n on input line 11.
LaTeX Font Info:    ... okay on input line 11.
LaTeX Info: Redefining \th on input line 11.
 ("C:\Program Files\MiKTeX\tex/context/base/mkii\supp-pdf.mkii"
[Loading MPS to PDF converter (version 2006.09.02).]
\scratchcounter=\count266
\scratchdimen=\dimen153
\scratchbox=\box51
\nofMPsegments=\count267
\nofMParguments=\count268
\everyMPshowfont=\toks26
\MPscratchCnt=\count269
\MPscratchDim=\dimen154
\MPnumerator=\count270
\makeMPintoPDFobject=\count271
\everyMPtoPDFconversion=\toks27
) ("C:\Program Files\MiKTeX\tex/latex/epstopdf-pkg\epstopdf-base.sty"
Package: epstopdf-base 2020-01-24 v2.11 Base part for package epstopdf
Package epstopdf-base Info: Redefining graphics rule for `.eps' on input line 4
85.
)
LaTeX Font Info:    Trying to load font information for U+msa on input line 20.


("C:\Program Files\MiKTeX\tex/latex/amsfonts\umsa.fd"
File: umsa.fd 2013/01/14 v3.01 AMS symbols A
)
LaTeX Font Info:    Trying to load font information for U+msb on input line 20.


("C:\Program Files\MiKTeX\tex/latex/amsfonts\umsb.fd"
File: umsb.fd 2013/01/14 v3.01 AMS symbols B
) [1

{C:/Users/bulat/AppData/Local/MiKTeX/pdftex/config/pdftex.map}] [2]
<CO2_1-1.jpg, id=19, 514.17094pt x 353.82187pt>
File: CO2_1-1.jpg Graphic file (type jpg)
<use CO2_1-1.jpg>
Package pdftex.def Info: CO2_1-1.jpg  used on input line 112.
(pdftex.def)             Requested size: 170.71652pt x 117.47961pt.
<CO2_2-1.jpg, id=20, 525.46312pt x 365.86688pt>
File: CO2_2-1.jpg Graphic file (type jpg)
<use CO2_2-1.jpg>
Package pdftex.def Info: CO2_2-1.jpg  used on input line 114.
(pdftex.def)             Requested size: 170.71652pt x 118.86624pt.
<CO2_3-1.jpg, id=21, 509.65407pt x 363.60844pt>
File: CO2_3-1.jpg Graphic file (type jpg)
<use CO2_3-1.jpg>
Package pdftex.def Info: CO2_3-1.jpg  used on input line 121.
(pdftex.def)             Requested size: 170.71652pt x 121.79431pt.
<CO2_4-1.jpg, id=22, 527.72156pt x 366.61969pt>
File: CO2_4-1.jpg Graphic file (type jpg)
<use CO2_4-1.jpg>
Package pdftex.def Info: CO2_4-1.jpg  used on input line 123.
(pdftex.def)             Requested size: 170.71652pt x 118.59616pt.
 [3 <./CO2_1-1.jpg> <./CO2_2-1.jpg> <./CO2_3-1.jpg> <./CO2_4-1.jpg>]
<V_1-1.jpg, id=27, 531.48563pt x 377.91188pt>
File: V_1-1.jpg Graphic file (type jpg)
<use V_1-1.jpg>
Package pdftex.def Info: V_1-1.jpg  used on input line 184.
(pdftex.def)             Requested size: 170.71652pt x 121.38982pt.
<V_2-1.jpg, id=28, 520.94624pt x 372.64218pt>
File: V_2-1.jpg Graphic file (type jpg)
<use V_2-1.jpg>
Package pdftex.def Info: V_2-1.jpg  used on input line 186.
(pdftex.def)             Requested size: 170.71652pt x 122.1137pt.
<V_3-1.jpg, id=29, 520.94624pt x 353.82187pt>
File: V_3-1.jpg Graphic file (type jpg)
<use V_3-1.jpg>
Package pdftex.def Info: V_3-1.jpg  used on input line 193.
(pdftex.def)             Requested size: 170.71652pt x 115.94633pt.
<V_4-1.jpg, id=30, 522.45187pt x 389.20406pt>
File: V_4-1.jpg Graphic file (type jpg)
<use V_4-1.jpg>
Package pdftex.def Info: V_4-1.jpg  used on input line 195.
(pdftex.def)             Requested size: 170.71652pt x 127.17871pt.
 [4] [5 <./V_1-1.jpg> <./V_2-1.jpg> <./V_3-1.jpg> <./V_4-1.jpg>]
Overfull \hbox (10.26819pt too wide) detected at line 245
\OML/cmm/m/it/12 [] \OT1/cmr/m/n/12 = \OML/cmm/m/it/12 [][] \OT1/cmr/m/n/12 =
 1\OML/cmm/m/it/12 ; \OT1/cmr/m/n/12 29[] = 0\OML/cmm/m/it/12 ; \OT1/cmr/m/n/12
 0022
 []


Overfull \hbox (35.08311pt too wide) detected at line 250
\OML/cmm/m/it/12 [] \OT1/cmr/m/n/12 = \OML/cmm/m/it/12 [][] \OT1/cmr/m/n/12 =
 1\OML/cmm/m/it/12 ; \OT1/cmr/m/n/12 26[] = 0\OML/cmm/m/it/12 ; \OT1/cmr/m/n/12
 0025
 []

[6]
<V_5-1.jpg, id=46, 516.42938pt x 378.66469pt>
File: V_5-1.jpg Graphic file (type jpg)
<use V_5-1.jpg>
Package pdftex.def Info: V_5-1.jpg  used on input line 286.
(pdftex.def)             Requested size: 170.71652pt x 125.17351pt.
<CO2_5-1.jpg, id=47, 522.45187pt x 362.85562pt>
File: CO2_5-1.jpg Graphic file (type jpg)
<use CO2_5-1.jpg>
Package pdftex.def Info: CO2_5-1.jpg  used on input line 288.
(pdftex.def)             Requested size: 170.71652pt x 118.56894pt.
 [7 <./V_5-1.jpg> <./CO2_5-1.jpg>]
Overfull \hbox (21.67845pt too wide) in paragraph at lines 327--342
[][] 
 []

[8]
<V_6-1.jpg, id=56, 520.19344pt x 371.13657pt>
File: V_6-1.jpg Graphic file (type jpg)
<use V_6-1.jpg>
Package pdftex.def Info: V_6-1.jpg  used on input line 349.
(pdftex.def)             Requested size: 208.07368pt x 148.45198pt.
<V_7-1.jpg, id=57, 513.41812pt x 367.3725pt>
File: V_7-1.jpg Graphic file (type jpg)
<use V_7-1.jpg>
Package pdftex.def Info: V_7-1.jpg  used on input line 356.
(pdftex.def)             Requested size: 205.3636pt x 146.94638pt.
<V_8-1.jpg, id=58, 514.92375pt x 368.1253pt>
File: V_8-1.jpg Graphic file (type jpg)
<use V_8-1.jpg>
Package pdftex.def Info: V_8-1.jpg  used on input line 364.
(pdftex.def)             Requested size: 205.96585pt x 147.24751pt.


LaTeX Warning: `!h' float specifier changed to `!ht'.

<V_9-1.jpg, id=59, 526.96875pt x 376.40625pt>
File: V_9-1.jpg Graphic file (type jpg)
<use V_9-1.jpg>
Package pdftex.def Info: V_9-1.jpg  used on input line 371.
(pdftex.def)             Requested size: 210.78375pt x 150.55983pt.

LaTeX Warning: `!h' float specifier changed to `!ht'.

[9 <./V_6-1.jpg> <./V_7-1.jpg>]

LaTeX Warning: Command \cyrs invalid in math mode on input line 390.

Missing character: There is no ñ in font cmr12!
[10 <./V_8-1.jpg> <./V_9-1.jpg>]

LaTeX Warning: Command \cyrs invalid in math mode on input line 394.

Missing character: There is no ñ in font cmr12!

LaTeX Warning: Command \cyrs invalid in math mode on input line 398.

Missing character: There is no ñ in font cmr12!

LaTeX Warning: Command \cyrs invalid in math mode on input line 402.

Missing character: There is no ñ in font cmr12!

Overfull \hbox (2.432pt too wide) detected at line 418
\OML/cmm/m/it/12 [] \OT1/cmr/m/n/12 = \OML/cmm/m/it/12 [][] \OT1/cmr/m/n/12 =
 1\OML/cmm/m/it/12 ; \OT1/cmr/m/n/12 39[] = 0\OML/cmm/m/it/12 ; \OT1/cmr/m/n/12
 021
 []

[11]
Overfull \hbox (2.432pt too wide) detected at line 426
\OML/cmm/m/it/12 [] \OT1/cmr/m/n/12 = \OML/cmm/m/it/12 [][] \OT1/cmr/m/n/12 =
 1\OML/cmm/m/it/12 ; \OT1/cmr/m/n/12 38[] = 0\OML/cmm/m/it/12 ; \OT1/cmr/m/n/12
 021
 []


Overfull \hbox (2.432pt too wide) detected at line 430
\OML/cmm/m/it/12 [] \OT1/cmr/m/n/12 = \OML/cmm/m/it/12 [][] \OT1/cmr/m/n/12 =
 1\OML/cmm/m/it/12 ; \OT1/cmr/m/n/12 37[] = 0\OML/cmm/m/it/12 ; \OT1/cmr/m/n/12
 029
 []

[12]

LaTeX Warning: Command \CYRT invalid in math mode on input line 469.


LaTeX Warning: Command \cyro invalid in math mode on input line 469.


LaTeX Warning: Command \cyrg invalid in math mode on input line 469.


LaTeX Warning: Command \cyrd invalid in math mode on input line 469.


LaTeX Warning: Command \cyra invalid in math mode on input line 469.


LaTeX Warning: Command \cyrp invalid in math mode on input line 469.


LaTeX Warning: Command \cyro invalid in math mode on input line 469.


LaTeX Warning: Command \cyrs invalid in math mode on input line 469.


LaTeX Warning: Command \cyrl invalid in math mode on input line 469.


LaTeX Warning: Command \cyre invalid in math mode on input line 469.


LaTeX Warning: Command \cyrl invalid in math mode on input line 469.


LaTeX Warning: Command \cyro invalid in math mode on input line 469.


LaTeX Warning: Command \cyrg invalid in math mode on input line 469.


LaTeX Warning: Command \cyra invalid in math mode on input line 469.


LaTeX Warning: Command \cyrr invalid in math mode on input line 469.


LaTeX Warning: Command \cyri invalid in math mode on input line 469.


LaTeX Warning: Command \cyrf invalid in math mode on input line 469.


LaTeX Warning: Command \cyrm invalid in math mode on input line 469.


LaTeX Warning: Command \cyri invalid in math mode on input line 469.


LaTeX Warning: Command \cyrr invalid in math mode on input line 469.


LaTeX Warning: Command \cyro invalid in math mode on input line 469.


LaTeX Warning: Command \cyrv invalid in math mode on input line 469.


LaTeX Warning: Command \cyra invalid in math mode on input line 469.


LaTeX Warning: Command \cyrn invalid in math mode on input line 469.


LaTeX Warning: Command \cyri invalid in math mode on input line 469.


LaTeX Warning: Command \cyrya invalid in math mode on input line 469.


LaTeX Warning: Command \cyri invalid in math mode on input line 469.


LaTeX Warning: Command \cyrd invalid in math mode on input line 469.


LaTeX Warning: Command \cyri invalid in math mode on input line 469.


LaTeX Warning: Command \cyrf invalid in math mode on input line 469.


LaTeX Warning: Command \cyrf invalid in math mode on input line 469.


LaTeX Warning: Command \cyre invalid in math mode on input line 469.


LaTeX Warning: Command \cyrr invalid in math mode on input line 469.


LaTeX Warning: Command \cyre invalid in math mode on input line 469.


LaTeX Warning: Command \cyrn invalid in math mode on input line 469.


LaTeX Warning: Command \cyrc invalid in math mode on input line 469.


LaTeX Warning: Command \cyri invalid in math mode on input line 469.


LaTeX Warning: Command \cyrr invalid in math mode on input line 469.


LaTeX Warning: Command \cyro invalid in math mode on input line 469.


LaTeX Warning: Command \cyrv invalid in math mode on input line 469.


LaTeX Warning: Command \cyra invalid in math mode on input line 469.


LaTeX Warning: Command \cyrn invalid in math mode on input line 469.


LaTeX Warning: Command \cyri invalid in math mode on input line 469.


LaTeX Warning: Command \cyrya invalid in math mode on input line 469.


LaTeX Warning: Command \cyrerev invalid in math mode on input line 469.


LaTeX Warning: Command \cyrt invalid in math mode on input line 469.


LaTeX Warning: Command \cyro invalid in math mode on input line 469.


LaTeX Warning: Command \cyrg invalid in math mode on input line 469.


LaTeX Warning: Command \cyro invalid in math mode on input line 469.


LaTeX Warning: Command \cyrv invalid in math mode on input line 469.


LaTeX Warning: Command \cyrery invalid in math mode on input line 469.


LaTeX Warning: Command \cyrr invalid in math mode on input line 469.


LaTeX Warning: Command \cyra invalid in math mode on input line 469.


LaTeX Warning: Command \cyrzh invalid in math mode on input line 469.


LaTeX Warning: Command \cyre invalid in math mode on input line 469.


LaTeX Warning: Command \cyrn invalid in math mode on input line 469.


LaTeX Warning: Command \cyri invalid in math mode on input line 469.


LaTeX Warning: Command \cyrya invalid in math mode on input line 469.


LaTeX Warning: Command \cyri invalid in math mode on input line 469.


LaTeX Warning: Command \cyrm invalid in math mode on input line 469.


LaTeX Warning: Command \cyre invalid in math mode on input line 469.


LaTeX Warning: Command \cyre invalid in math mode on input line 469.


LaTeX Warning: Command \cyrm invalid in math mode on input line 469.

Missing character: There is no Ò in font cmr12!
Missing character: There is no î in font cmr12!
Missing character: There is no ã in font cmr12!
Missing character: There is no ä in font cmr12!
Missing character: There is no à in font cmr12!
Missing character: There is no ï in font cmr12!
Missing character: There is no î in font cmr12!
Missing character: There is no ñ in font cmr12!
Missing character: There is no ë in font cmr12!
Missing character: There is no å in font cmr12!
Missing character: There is no ë in font cmr12!
Missing character: There is no î in font cmr12!
Missing character: There is no ã in font cmr12!
Missing character: There is no à in font cmr12!
Missing character: There is no ð in font cmr12!
Missing character: There is no è in font cmr12!
Missing character: There is no ô in font cmr12!
Missing character: There is no ì in font cmr12!
Missing character: There is no è in font cmr12!
Missing character: There is no ð in font cmr12!
Missing character: There is no î in font cmr12!
Missing character: There is no â in font cmr12!
Missing character: There is no à in font cmr12!
Missing character: There is no í in font cmr12!
Missing character: There is no è in font cmr12!
Missing character: There is no ÿ in font cmr12!
Missing character: There is no è in font cmr12!
Missing character: There is no ä in font cmr12!
Missing character: There is no è in font cmr12!
Missing character: There is no ô in font cmr12!
Missing character: There is no ô in font cmr12!
Missing character: There is no å in font cmr12!
Missing character: There is no ð in font cmr12!
Missing character: There is no å in font cmr12!
Missing character: There is no í in font cmr12!
Missing character: There is no ö in font cmr12!
Missing character: There is no è in font cmr12!
Missing character: There is no ð in font cmr12!
Missing character: There is no î in font cmr12!
Missing character: There is no â in font cmr12!
Missing character: There is no à in font cmr12!
Missing character: There is no í in font cmr12!
Missing character: There is no è in font cmr12!
Missing character: There is no ÿ in font cmr12!
Missing character: There is no ý in font cmr12!
Missing character: There is no ò in font cmr12!
Missing character: There is no î in font cmr12!
Missing character: There is no ã in font cmr12!
Missing character: There is no î in font cmr12!
Missing character: There is no â in font cmr12!
Missing character: There is no û in font cmr12!
Missing character: There is no ð in font cmr12!
Missing character: There is no à in font cmr12!
Missing character: There is no æ in font cmr12!
Missing character: There is no å in font cmr12!
Missing character: There is no í in font cmr12!
Missing character: There is no è in font cmr12!
Missing character: There is no ÿ in font cmr12!
Missing character: There is no è in font cmr12!
Missing character: There is no ì in font cmr12!
Missing character: There is no å in font cmr12!
Missing character: There is no å in font cmr12!
Missing character: There is no ì in font cmr12!
[13] (2.1.3.aux)

LaTeX Warning: There were multiply-defined labels.

 ) 
Here is how much of TeX's memory you used:
 4000 strings out of 480257
 51299 string characters out of 2891252
 342170 words of memory out of 3000000
 20469 multiletter control sequences out of 15000+200000
 549801 words of font info for 67 fonts, out of 3000000 for 9000
 1141 hyphenation exceptions out of 8191
 60i,11n,66p,922b,340s stack positions out of 5000i,500n,10000p,200000b,50000s
 <C:\Users\bulat\AppData\Local\MiKTeX\fonts/pk/ljfour/lh/lh-t2a/dpi600\lati06
00.pk> <C:\Users\bulat\AppData\Local\MiKTeX\fonts/pk/ljfour/lh/lh-t2a/dpi600\la
ti0800.pk> <C:\Users\bulat\AppData\Local\MiKTeX\fonts/pk/ljfour/lh/lh-t2a/dpi60
0\lati1200.pk> <C:\Users\bulat\AppData\Local\MiKTeX\fonts/pk/ljfour/lh/lh-t2a/d
pi600\larm1200.pk> <C:\Users\bulat\AppData\Local\MiKTeX\fonts/pk/ljfour/lh/lh-t
2a/dpi600\labx1200.pk> <C:\Users\bulat\AppData\Local\MiKTeX\fonts/pk/ljfour/lh/
lh-t2a/dpi600\labx1440.pk> <C:\Users\bulat\AppData\Local\MiKTeX\fonts/pk/ljfour
/lh/lh-t2a/dpi600\larm1440.pk><C:/Program Files/MiKTeX/fonts/type1/public/amsfo
nts/cm/cmex10.pfb><C:/Program Files/MiKTeX/fonts/type1/public/amsfonts/cm/cmmi1
0.pfb><C:/Program Files/MiKTeX/fonts/type1/public/amsfonts/cm/cmmi12.pfb><C:/Pr
ogram Files/MiKTeX/fonts/type1/public/amsfonts/cm/cmmi6.pfb><C:/Program Files/M
iKTeX/fonts/type1/public/amsfonts/cm/cmmi8.pfb><C:/Program Files/MiKTeX/fonts/t
ype1/public/amsfonts/cm/cmr12.pfb><C:/Program Files/MiKTeX/fonts/type1/public/a
msfonts/cm/cmr6.pfb><C:/Program Files/MiKTeX/fonts/type1/public/amsfonts/cm/cmr
8.pfb><C:/Program Files/MiKTeX/fonts/type1/public/amsfonts/cm/cmsy10.pfb><C:/Pr
ogram Files/MiKTeX/fonts/type1/public/amsfonts/cm/cmsy6.pfb><C:/Program Files/M
iKTeX/fonts/type1/public/amsfonts/cm/cmsy8.pfb><C:/Program Files/MiKTeX/fonts/t
ype1/public/amsfonts/symbols/msam10.pfb>
Output written on 2.1.3.pdf (13 pages, 994424 bytes).
PDF statistics:
 315 PDF objects out of 1000 (max. 8388607)
 0 named destinations out of 1000 (max. 500000)
 71 words of extra memory for PDF output out of 10000 (max. 10000000)

